[2025-06-27 17:48:59] === DATASET PROCESSING STARTED ===
[2025-06-27 17:48:59] Input directory: /home/esteban/Workspace/sailboat_CV/data/videos/example
[2025-06-27 17:48:59] Skip downsample: False
[2025-06-27 17:48:59] FPS: default
[2025-06-27 17:48:59] Resolution: default
[2025-06-27 17:48:59] === STEP 0: Creating Backup ===
[2025-06-27 17:48:59] Creating backup: /home/esteban/Workspace/sailboat_CV/data/videos/example -> /home/esteban/Workspace/sailboat_CV/data/videos/example_saved
[2025-06-27 17:50:15] === DATASET PROCESSING STARTED ===
[2025-06-27 17:50:15] Input directory: /home/esteban/Workspace/sailboat_CV/data/videos/example
[2025-06-27 17:50:15] Skip downsample: False
[2025-06-27 17:50:15] FPS: 25
[2025-06-27 17:50:15] Resolution: default
[2025-06-27 17:50:15] === STEP 0: Creating Backup ===
[2025-06-27 17:50:15] Creating backup: /home/esteban/Workspace/sailboat_CV/data/videos/example -> /home/esteban/Workspace/sailboat_CV/data/videos/example_saved
[2025-06-27 17:50:43] === DATASET PROCESSING STARTED ===
[2025-06-27 17:50:43] Input directory: /home/esteban/Workspace/sailboat_CV/data/videos/example
[2025-06-27 17:50:43] Skip downsample: False
[2025-06-27 17:50:43] FPS: 25
[2025-06-27 17:50:43] Resolution: default
[2025-06-27 17:50:43] === STEP 0: Creating Backup ===
[2025-06-27 17:50:43] Creating backup: /home/esteban/Workspace/sailboat_CV/data/videos/example -> /home/esteban/Workspace/sailboat_CV/data/videos/example_saved
