2025-06-30 11:04:53,001 - INFO - Frame extractor initialized: frames
2025-06-30 11:04:53,002 - INFO - Workers: 4, Subdirs: True, Resume: True
2025-06-30 11:04:53,002 - INFO - Starting directory extraction: seb_perso_24_06_2025/videos
2025-06-30 11:04:53,003 - INFO - Found 12 video files in seb_perso_24_06_2025/videos
2025-06-30 11:04:53,004 - INFO - Starting batch extraction: 12 videos, 4 workers
2025-06-30 11:04:53,451 - INFO - Extracting 4437 frames from sebperso24062025gh01014949b405.mov (step=1)
2025-06-30 11:04:53,470 - INFO - Extracting 2860 frames from sebperso24062025gx010167364598.mov (step=1)
2025-06-30 11:04:53,484 - INFO - Extracting 7654 frames from sebperso2406202531032024rushslocmalo69ce49.mov (step=1)
2025-06-30 11:04:53,517 - INFO - Extracting 1959 frames from sebperso24062025gx010163cba39a.mov (step=1)
2025-06-30 11:10:27,322 - INFO - Frame extractor initialized: frames
2025-06-30 11:10:27,322 - INFO - Workers: 4, Subdirs: True, Resume: True
2025-06-30 11:10:27,322 - INFO - Starting directory extraction: seb_perso_24_06_2025/videos
2025-06-30 11:20:29,187 - INFO - Frame extractor initialized: frames
2025-06-30 11:20:29,188 - INFO - Workers: 4, Subdirs: True, Resume: True
2025-06-30 11:20:29,188 - INFO - Starting directory extraction: seb_perso_24_06_2025/videos
2025-06-30 11:20:29,189 - INFO - Found 12 video files in seb_perso_24_06_2025/videos
2025-06-30 11:20:29,191 - INFO - Starting batch extraction: 12 videos, 4 workers
2025-06-30 11:20:33,681 - INFO - Extracting 392 frames from sebperso24062025gx010163cba39a.mov (step=5)
2025-06-30 11:20:33,682 - INFO - Extracting 888 frames from sebperso24062025gh01014949b405.mov (step=5)
2025-06-30 11:20:33,683 - INFO - Extracting 572 frames from sebperso24062025gx010167364598.mov (step=5)
2025-06-30 11:20:33,693 - INFO - Extracting 1531 frames from sebperso2406202531032024rushslocmalo69ce49.mov (step=5)
2025-06-30 11:21:32,505 - WARNING - Failed to save frame frame_sebperso24062025gh01014949b405_14.60s.jpg
2025-06-30 11:21:32,833 - WARNING - Failed to save frame frame_sebperso24062025gx010163cba39a_15.60s.jpg
2025-06-30 11:21:33,054 - WARNING - Failed to save frame frame_sebperso24062025gx010167364598_17.20s.jpg
2025-06-30 11:21:33,231 - WARNING - Failed to save frame frame_sebperso2406202531032024rushslocmalo69ce49_9.40s.jpg
2025-06-30 11:21:33,413 - WARNING - Failed to save frame frame_sebperso24062025gh01014949b405_14.80s.jpg
2025-06-30 11:21:33,413 - WARNING - Failed to save frame frame_sebperso24062025gx010163cba39a_15.80s.jpg
2025-06-30 11:21:34,027 - WARNING - Failed to save frame frame_sebperso24062025gx010163cba39a_16.00s.jpg
2025-06-30 11:21:34,336 - WARNING - Failed to save frame frame_sebperso24062025gh01014949b405_15.00s.jpg
2025-06-30 11:21:34,487 - WARNING - Failed to save frame frame_sebperso24062025gx010167364598_17.40s.jpg
2025-06-30 11:21:34,704 - WARNING - Failed to save frame frame_sebperso24062025gx010163cba39a_16.20s.jpg
2025-06-30 11:21:35,353 - WARNING - Failed to save frame frame_sebperso24062025gh01014949b405_15.20s.jpg
2025-06-30 11:21:35,353 - WARNING - Failed to save frame frame_sebperso24062025gx010163cba39a_16.40s.jpg
2025-06-30 11:21:35,417 - WARNING - Failed to save frame frame_sebperso2406202531032024rushslocmalo69ce49_9.60s.jpg
2025-06-30 11:21:35,730 - WARNING - Failed to save frame frame_sebperso2406202531032024rushslocmalo69ce49_9.80s.jpg
2025-06-30 11:21:35,939 - WARNING - Failed to save frame frame_sebperso24062025gx010167364598_17.60s.jpg
2025-06-30 11:21:36,113 - WARNING - Failed to save frame frame_sebperso2406202531032024rushslocmalo69ce49_10.00s.jpg
2025-06-30 11:21:36,113 - WARNING - Failed to save frame frame_sebperso24062025gx010163cba39a_16.60s.jpg
2025-06-30 11:21:36,366 - WARNING - Failed to save frame frame_sebperso24062025gh01014949b405_15.40s.jpg
2025-06-30 11:21:36,469 - WARNING - Failed to save frame frame_sebperso2406202531032024rushslocmalo69ce49_10.20s.jpg
2025-06-30 11:21:36,899 - WARNING - Failed to save frame frame_sebperso24062025gx010163cba39a_16.80s.jpg
2025-06-30 11:21:36,974 - WARNING - Failed to save frame frame_sebperso2406202531032024rushslocmalo69ce49_10.40s.jpg
2025-06-30 11:21:37,478 - WARNING - Failed to save frame frame_sebperso24062025gh01014949b405_15.60s.jpg
2025-06-30 11:21:37,533 - WARNING - Failed to save frame frame_sebperso2406202531032024rushslocmalo69ce49_10.60s.jpg
2025-06-30 11:21:37,533 - WARNING - Failed to save frame frame_sebperso24062025gx010167364598_17.80s.jpg
2025-06-30 11:21:37,738 - WARNING - Failed to save frame frame_sebperso24062025gx010163cba39a_17.00s.jpg
2025-06-30 11:21:38,059 - WARNING - Failed to save frame frame_sebperso2406202531032024rushslocmalo69ce49_10.80s.jpg
2025-06-30 11:21:38,451 - WARNING - Failed to save frame frame_sebperso24062025gh01014949b405_15.80s.jpg
2025-06-30 11:21:38,470 - WARNING - Failed to save frame frame_sebperso24062025gx010163cba39a_17.20s.jpg
2025-06-30 11:21:38,675 - WARNING - Failed to save frame frame_sebperso2406202531032024rushslocmalo69ce49_11.00s.jpg
2025-06-30 11:21:39,033 - WARNING - Failed to save frame frame_sebperso24062025gx010167364598_18.00s.jpg
2025-06-30 11:21:39,200 - WARNING - Failed to save frame frame_sebperso2406202531032024rushslocmalo69ce49_11.20s.jpg
2025-06-30 11:21:39,381 - WARNING - Failed to save frame frame_sebperso24062025gx010163cba39a_17.40s.jpg
2025-06-30 11:21:39,574 - WARNING - Failed to save frame frame_sebperso24062025gh01014949b405_16.00s.jpg
2025-06-30 11:21:39,871 - WARNING - Failed to save frame frame_sebperso2406202531032024rushslocmalo69ce49_11.40s.jpg
2025-06-30 11:21:40,249 - WARNING - Failed to save frame frame_sebperso24062025gx010163cba39a_17.60s.jpg
2025-06-30 11:21:40,620 - WARNING - Failed to save frame frame_sebperso2406202531032024rushslocmalo69ce49_11.60s.jpg
2025-06-30 11:21:40,621 - WARNING - Failed to save frame frame_sebperso24062025gx010167364598_18.20s.jpg
2025-06-30 11:21:40,688 - WARNING - Failed to save frame frame_sebperso24062025gh01014949b405_16.20s.jpg
2025-06-30 11:21:41,215 - WARNING - Failed to save frame frame_sebperso24062025gx010163cba39a_17.80s.jpg
2025-06-30 11:21:41,346 - WARNING - Failed to save frame frame_sebperso2406202531032024rushslocmalo69ce49_11.80s.jpg
2025-06-30 11:21:42,007 - WARNING - Failed to save frame frame_sebperso24062025gh01014949b405_16.40s.jpg
2025-06-30 11:21:42,362 - WARNING - Failed to save frame frame_sebperso2406202531032024rushslocmalo69ce49_12.00s.jpg
2025-06-30 11:21:42,363 - WARNING - Failed to save frame frame_sebperso24062025gx010163cba39a_18.00s.jpg
2025-06-30 11:21:42,363 - WARNING - Failed to save frame frame_sebperso24062025gx010167364598_18.40s.jpg
2025-06-30 11:21:42,915 - WARNING - Failed to save frame frame_sebperso24062025gh01014949b405_16.60s.jpg
2025-06-30 11:26:21,682 - INFO - Frame extractor initialized: frames
2025-06-30 11:26:21,682 - INFO - Workers: 4, Subdirs: True, Resume: True
2025-06-30 11:26:21,683 - INFO - Starting directory extraction: seb_perso_24_06_2025/videos
2025-06-30 11:26:21,683 - INFO - Found 12 video files in seb_perso_24_06_2025/videos
2025-06-30 11:26:21,685 - INFO - Starting batch extraction: 12 videos, 4 workers
2025-06-30 11:26:22,048 - INFO - Extracting 29 frames from sebperso24062025gx010167364598.mov (step=100)
2025-06-30 11:26:22,049 - INFO - Extracting 45 frames from sebperso24062025gh01014949b405.mov (step=100)
2025-06-30 11:26:22,049 - INFO - Extracting 20 frames from sebperso24062025gx010163cba39a.mov (step=100)
2025-06-30 11:26:22,054 - INFO - Extracting 77 frames from sebperso2406202531032024rushslocmalo69ce49.mov (step=100)
2025-06-30 11:26:34,828 - INFO - ✅ Extracted 20 frames from sebperso24062025gx010163cba39a.mov in 13.1s
2025-06-30 11:26:35,411 - INFO - Extracting 21 frames from sebperso24062025gx010171f54e00.mov (step=100)
2025-06-30 11:26:42,198 - INFO - ✅ Extracted 29 frames from sebperso24062025gx010167364598.mov in 20.5s
2025-06-30 11:26:42,971 - INFO - Extracting 5 frames from sebperso24062025gx010172ee00a7.mov (step=100)
2025-06-30 11:26:46,888 - INFO - ✅ Extracted 5 frames from sebperso24062025gx010172ee00a7.mov in 4.7s
2025-06-30 11:26:47,505 - INFO - Extracting 7 frames from sebperso24062025gx0101757f985c.mov (step=100)
2025-06-30 11:26:48,918 - INFO - ✅ Extracted 21 frames from sebperso24062025gx010171f54e00.mov in 14.1s
2025-06-30 11:26:49,587 - INFO - Extracting 2 frames from sebperso24062025img122350d2bb.mov (step=100)
2025-06-30 11:26:50,898 - INFO - ✅ Extracted 2 frames from sebperso24062025img122350d2bb.mov in 2.0s
2025-06-30 11:26:51,570 - INFO - Extracting 9 frames from sebperso24062025img383514c3f1.mov (step=100)
2025-06-30 11:26:52,199 - INFO - ✅ Extracted 7 frames from sebperso24062025gx0101757f985c.mov in 5.3s
2025-06-30 11:26:52,724 - INFO - Extracting 3 frames from sebperso24062025img46552ef24b.mov (step=100)
2025-06-30 11:26:55,138 - INFO - ✅ Extracted 3 frames from sebperso24062025img46552ef24b.mov in 2.9s
2025-06-30 11:26:55,879 - INFO - Extracting 3 frames from sebperso24062025img72988b3437.mov (step=100)
2025-06-30 11:26:56,930 - INFO - ✅ Extracted 9 frames from sebperso24062025img383514c3f1.mov in 6.0s
2025-06-30 11:26:57,136 - INFO - ✅ Extracted 3 frames from sebperso24062025img72988b3437.mov in 2.0s
2025-06-30 11:26:57,481 - INFO - Extracting 12 frames from sebperso24062025img9580a5fb2b.mov (step=100)
2025-06-30 11:26:59,909 - INFO - ✅ Extracted 45 frames from sebperso24062025gh01014949b405.mov in 38.2s
2025-06-30 11:27:01,615 - INFO - ✅ Extracted 12 frames from sebperso24062025img9580a5fb2b.mov in 4.7s
2025-06-30 11:27:10,663 - INFO - ✅ Extracted 77 frames from sebperso2406202531032024rushslocmalo69ce49.mov in 49.0s
2025-06-30 11:27:10,665 - INFO - ✅ Batch extraction completed in 49.0s
2025-06-30 11:27:10,665 - INFO - 📊 Success: 12, Errors: 0
2025-06-30 11:27:10,665 - INFO - 🖼️  Total frames: 233
2025-06-30 11:35:32,959 - INFO - Frame extractor initialized: frames
2025-06-30 11:35:32,959 - INFO - Workers: 4, Subdirs: True, Resume: True
2025-06-30 11:35:32,960 - INFO - Starting directory extraction: seb_perso_24_06_2025/videos
2025-06-30 11:35:32,961 - INFO - Found 12 video files in seb_perso_24_06_2025/videos
2025-06-30 11:35:32,962 - INFO - Starting batch extraction: 12 videos, 4 workers
2025-06-30 11:35:33,409 - INFO - Extracting 30 frames from sebperso24062025gh01014949b405.mov (step=150)
2025-06-30 11:35:33,409 - INFO - Extracting 14 frames from sebperso24062025gx010163cba39a.mov (step=150)
2025-06-30 11:35:33,409 - INFO - Extracting 20 frames from sebperso24062025gx010167364598.mov (step=150)
2025-06-30 11:35:33,417 - INFO - Extracting 52 frames from sebperso2406202531032024rushslocmalo69ce49.mov (step=150)
2025-06-30 11:35:44,619 - INFO - ✅ Extracted 14 frames from sebperso24062025gx010163cba39a.mov in 11.7s
2025-06-30 11:35:45,787 - INFO - Extracting 14 frames from sebperso24062025gx010171f54e00.mov (step=150)
2025-06-30 11:35:50,880 - INFO - ✅ Extracted 20 frames from sebperso24062025gx010167364598.mov in 17.9s
2025-06-30 11:35:51,479 - INFO - Extracting 3 frames from sebperso24062025gx010172ee00a7.mov (step=150)
2025-06-30 11:35:52,600 - INFO - ✅ Extracted 3 frames from sebperso24062025gx010172ee00a7.mov in 1.7s
2025-06-30 11:35:53,299 - INFO - Extracting 5 frames from sebperso24062025gx0101757f985c.mov (step=150)
2025-06-30 11:35:55,036 - INFO - ✅ Extracted 14 frames from sebperso24062025gx010171f54e00.mov in 10.4s
2025-06-30 11:35:55,598 - INFO - ✅ Extracted 5 frames from sebperso24062025gx0101757f985c.mov in 3.0s
2025-06-30 11:35:55,774 - INFO - Extracting 2 frames from sebperso24062025img122350d2bb.mov (step=150)
2025-06-30 11:35:56,320 - INFO - Extracting 6 frames from sebperso24062025img383514c3f1.mov (step=150)
2025-06-30 11:35:57,469 - INFO - ✅ Extracted 2 frames from sebperso24062025img122350d2bb.mov in 2.4s
2025-06-30 11:35:58,144 - INFO - Extracting 2 frames from sebperso24062025img46552ef24b.mov (step=150)
2025-06-30 11:35:59,385 - INFO - ✅ Extracted 6 frames from sebperso24062025img383514c3f1.mov in 3.8s
2025-06-30 11:35:59,434 - INFO - ✅ Extracted 2 frames from sebperso24062025img46552ef24b.mov in 2.0s
2025-06-30 11:35:59,889 - INFO - Extracting 2 frames from sebperso24062025img72988b3437.mov (step=150)
2025-06-30 11:36:00,011 - INFO - Extracting 8 frames from sebperso24062025img9580a5fb2b.mov (step=150)
2025-06-30 11:36:01,196 - INFO - ✅ Extracted 2 frames from sebperso24062025img72988b3437.mov in 1.8s
2025-06-30 11:36:01,565 - INFO - ✅ Extracted 30 frames from sebperso24062025gh01014949b405.mov in 28.6s
2025-06-30 11:36:03,023 - INFO - ✅ Extracted 8 frames from sebperso24062025img9580a5fb2b.mov in 3.6s
2025-06-30 11:36:08,742 - INFO - ✅ Extracted 52 frames from sebperso2406202531032024rushslocmalo69ce49.mov in 35.8s
2025-06-30 11:36:08,743 - INFO - ✅ Batch extraction completed in 35.8s
2025-06-30 11:36:08,743 - INFO - 📊 Success: 12, Errors: 0
2025-06-30 11:36:08,743 - INFO - 🖼️  Total frames: 158
2025-06-30 12:13:23,893 - INFO - Frame extractor initialized: frames
2025-06-30 12:13:23,893 - INFO - Workers: 4, Subdirs: True, Resume: True
2025-06-30 12:13:23,893 - INFO - Starting directory extraction: seb_perso_24_06_2025/videos
2025-06-30 12:13:23,894 - INFO - Found 12 video files in seb_perso_24_06_2025/videos
2025-06-30 12:13:24,025 - INFO - Starting batch extraction: 12 videos, 4 workers
2025-06-30 12:13:24,355 - INFO - Extracting 766 frames from sebperso2406202531032024rushslocmalo69ce49.mov (step=10)
2025-06-30 12:13:24,378 - INFO - Extracting 286 frames from sebperso24062025gx010167364598.mov (step=10)
2025-06-30 12:13:24,385 - INFO - Extracting 444 frames from sebperso24062025gh01014949b405.mov (step=10)
2025-06-30 12:13:24,451 - INFO - Extracting 196 frames from sebperso24062025gx010163cba39a.mov (step=10)
2025-06-30 12:18:45,587 - INFO - ✅ Extracted 196 frames from sebperso24062025gx010163cba39a.mov in 321.6s
2025-06-30 12:18:46,027 - INFO - Extracting 201 frames from sebperso24062025gx010171f54e00.mov (step=10)
2025-06-30 12:20:46,588 - INFO - ✅ Extracted 286 frames from sebperso24062025gx010167364598.mov in 442.6s
2025-06-30 12:20:46,983 - INFO - Extracting 45 frames from sebperso24062025gx010172ee00a7.mov (step=10)
2025-06-30 12:21:50,717 - INFO - ✅ Extracted 45 frames from sebperso24062025gx010172ee00a7.mov in 64.1s
2025-06-30 12:21:51,168 - INFO - Extracting 70 frames from sebperso24062025gx0101757f985c.mov (step=10)
2025-06-30 12:23:31,974 - INFO - ✅ Extracted 70 frames from sebperso24062025gx0101757f985c.mov in 101.2s
2025-06-30 12:23:32,593 - INFO - Extracting 19 frames from sebperso24062025img122350d2bb.mov (step=10)
2025-06-30 12:23:43,036 - INFO - ✅ Extracted 201 frames from sebperso24062025gx010171f54e00.mov in 297.4s
2025-06-30 12:23:43,618 - INFO - Extracting 90 frames from sebperso24062025img383514c3f1.mov (step=10)
2025-06-30 12:24:24,483 - INFO - ✅ Extracted 19 frames from sebperso24062025img122350d2bb.mov in 52.5s
2025-06-30 12:24:24,954 - INFO - Extracting 27 frames from sebperso24062025img46552ef24b.mov (step=10)
2025-06-30 12:25:46,409 - INFO - ✅ Extracted 27 frames from sebperso24062025img46552ef24b.mov in 81.9s
2025-06-30 12:25:46,801 - INFO - Extracting 23 frames from sebperso24062025img72988b3437.mov (step=10)
2025-06-30 12:26:37,584 - INFO - ✅ Extracted 23 frames from sebperso24062025img72988b3437.mov in 51.2s
2025-06-30 12:26:38,092 - INFO - Extracting 117 frames from sebperso24062025img9580a5fb2b.mov (step=10)
2025-06-30 12:26:43,924 - INFO - ✅ Extracted 90 frames from sebperso24062025img383514c3f1.mov in 180.9s
2025-06-30 12:26:54,956 - INFO - ✅ Extracted 444 frames from sebperso24062025gh01014949b405.mov in 810.9s
2025-06-30 12:27:53,290 - INFO - ✅ Extracted 117 frames from sebperso24062025img9580a5fb2b.mov in 75.7s
2025-06-30 12:30:37,204 - INFO - ✅ Extracted 766 frames from sebperso2406202531032024rushslocmalo69ce49.mov in 1033.2s
2025-06-30 12:30:37,209 - INFO - ✅ Batch extraction completed in 1033.2s
2025-06-30 12:30:37,209 - INFO - 📊 Success: 12, Errors: 0
2025-06-30 12:30:37,209 - INFO - 🖼️  Total frames: 2284
