WARNING ⚠️ TensorRT requires GPU export, automatically assigning device=0
Ultralytics 8.3.159 🚀 Python-3.10.12 torch-2.7.0 CUDA:0 (Orin, 7620MiB)
Model summary (fused): 112 layers, 43,607,379 parameters, 0 gradients, 164.8 GFLOPs

PyTorch: starting from 'runs/detect/train-03/weights/best.pt' with input shape (1, 3, 1440, 1440) BCHW and output shape(s) (1, 5, 42525) (83.7 MB)

ONNX: starting export with onnx 1.17.0 opset 19...
ONNX: slimming with onnxslim 0.1.58...
ONNX: export success ✅ 14.4s, saved as 'runs/detect/train-03/weights/best.onnx' (167.3 MB)

TensorRT: starting export with TensorRT 10.3.0...
[06/26/2025-12:02:29] [TRT] [I] [MemUsageChange] Init CUDA: CPU +1, GPU +0, now: CPU 1291, GPU 4135 (MiB)
[06/26/2025-12:02:33] [TRT] [I] [MemUsageChange] Init builder kernel library: CPU +928, GPU +745, now: CPU 2262, GPU 4880 (MiB)
[06/26/2025-12:02:33] [TRT] [I] ----------------------------------------------------------------
[06/26/2025-12:02:33] [TRT] [I] Input filename:   runs/detect/train-03/weights/best.onnx
[06/26/2025-12:02:33] [TRT] [I] ONNX IR version:  0.0.9
[06/26/2025-12:02:33] [TRT] [I] Opset version:    19
[06/26/2025-12:02:33] [TRT] [I] Producer name:    pytorch
[06/26/2025-12:02:33] [TRT] [I] Producer version: 2.7.0
[06/26/2025-12:02:33] [TRT] [I] Domain:           
[06/26/2025-12:02:33] [TRT] [I] Model version:    0
[06/26/2025-12:02:33] [TRT] [I] Doc string:       
[06/26/2025-12:02:33] [TRT] [I] ----------------------------------------------------------------
TensorRT: input "images" with shape(1, 3, 1440, 1440) DataType.FLOAT
TensorRT: output "output0" with shape(1, 5, 42525) DataType.FLOAT
TensorRT: building FP16 engine as runs/detect/train-03/weights/best.engine
[06/26/2025-12:02:33] [TRT] [I] Local timing cache in use. Profiling results in this builder pass will not be stored.
[06/26/2025-12:35:11] [TRT] [I] Detected 1 inputs and 3 output network tensors.
[06/26/2025-12:35:17] [TRT] [I] Total Host Persistent Memory: 612960
[06/26/2025-12:35:17] [TRT] [I] Total Device Persistent Memory: 1024
[06/26/2025-12:35:17] [TRT] [I] Total Scratch Memory: 0
[06/26/2025-12:35:17] [TRT] [I] [BlockAssignment] Started assigning block shifts. This will take 175 steps to complete.
[06/26/2025-12:35:17] [TRT] [I] [BlockAssignment] Algorithm ShiftNTopDown took 21.0258ms to assign 11 blocks to 175 nodes requiring 244685312 bytes.
[06/26/2025-12:35:17] [TRT] [I] Total Activation Memory: 244684800
[06/26/2025-12:35:17] [TRT] [I] Total Weights Memory: 87502080
[06/26/2025-12:35:17] [TRT] [I] Engine generation completed in 1964.06 seconds.
[06/26/2025-12:35:17] [TRT] [I] [MemUsageStats] Peak memory usage of TRT CPU/GPU memory allocators: CPU 4 MiB, GPU 1012 MiB
[06/26/2025-12:35:18] [TRT] [I] [MemUsageStats] Peak memory usage during Engine building and serialization: CPU: 3595 MiB
TensorRT: export success ✅ 1986.5s, saved as 'runs/detect/train-03/weights/best.engine' (86.3 MB)

Export complete (1992.9s)
Results saved to /home/esteban/Workspace/sailboat_CV/runs/detect/train-03/weights
Predict:         yolo predict task=detect model=runs/detect/train-03/weights/best.engine imgsz=1440 half 
Validate:        yolo val task=detect model=runs/detect/train-03/weights/best.engine imgsz=1440 data=/content/sailboat_CV/data/splitted_datasets/pennon-label-yolo-03/data.yaml half 
Visualize:       https://netron.app